[06-Apr-2024 11:33:53 Africa/Johannesburg] PHP Warning:  SQLite3::query(): Unable to prepare statement: 1, no such column: undefined in /home/donno/Documents/Donno_projects/donnotec/public_html/clients.php on line 40
[06-Apr-2024 11:33:53 Africa/Johannesburg] PHP Fatal error:  Uncaught Error: Call to a member function fetchArray() on bool in /home/donno/Documents/Donno_projects/donnotec/public_html/clients.php:42
Stack trace:
#0 {main}
  thrown in /home/donno/Documents/Donno_projects/donnotec/public_html/clients.php on line 42
[07-Apr-2024 06:00:33 Africa/Johannesburg] PHP Warning:  Undefined array key "client_id" in /home/donno/Documents/Donno_projects/donnotec/public_html/clients.php on line 427
[07-Apr-2024 06:00:48 Africa/Johannesburg] PHP Warning:  Undefined array key "client_id" in /home/donno/Documents/Donno_projects/donnotec/public_html/clients.php on line 427
[07-Apr-2024 06:04:13 Africa/Johannesburg] PHP Warning:  SQLite3::prepare(): Unable to prepare statement: 1, no such table: donnotec_clients in /home/donno/Documents/Donno_projects/donnotec/public_html/clients.php on line 432
[07-Apr-2024 06:04:13 Africa/Johannesburg] PHP Fatal error:  Uncaught Error: Call to a member function bindValue() on bool in /home/donno/Documents/Donno_projects/donnotec/public_html/clients.php:433
Stack trace:
#0 /home/donno/Documents/Donno_projects/donnotec/public_html/clients.php(75): EditClientValidation()
#1 {main}
  thrown in /home/donno/Documents/Donno_projects/donnotec/public_html/clients.php on line 433
[07-Apr-2024 06:04:52 Africa/Johannesburg] PHP Warning:  SQLite3::prepare(): Unable to prepare statement: 1, no such table: donnotec_clients in /home/donno/Documents/Donno_projects/donnotec/public_html/clients.php on line 80
[07-Apr-2024 06:04:52 Africa/Johannesburg] PHP Fatal error:  Uncaught Error: Call to a member function bindParam() on bool in /home/donno/Documents/Donno_projects/donnotec/public_html/clients.php:81
Stack trace:
#0 {main}
  thrown in /home/donno/Documents/Donno_projects/donnotec/public_html/clients.php on line 81
[07-Apr-2024 06:05:13 Africa/Johannesburg] PHP Fatal error:  Uncaught Error: Call to undefined function SetClient() in /home/donno/Documents/Donno_projects/donnotec/public_html/clients.php:88
Stack trace:
#0 {main}
  thrown in /home/donno/Documents/Donno_projects/donnotec/public_html/clients.php on line 88
[07-Apr-2024 06:05:36 Africa/Johannesburg] PHP Warning:  SQLite3::prepare(): Unable to prepare statement: 1, near &quot;Projects&quot;: syntax error in /home/donno/Documents/Donno_projects/donnotec/public_html/clients.php on line 450
[07-Apr-2024 06:05:36 Africa/Johannesburg] PHP Fatal error:  Uncaught Error: Call to a member function bindValue() on bool in /home/donno/Documents/Donno_projects/donnotec/public_html/clients.php:451
Stack trace:
#0 /home/donno/Documents/Donno_projects/donnotec/public_html/clients.php(88): EditClient()
#1 {main}
  thrown in /home/donno/Documents/Donno_projects/donnotec/public_html/clients.php on line 451
